[12:32:45.122] Global cache location '/home/ap/.cache/typescript/4.6', safe file path '/home/ap/.emacs.d/.cache/lsp/npm/typescript/lib/node_modules/typescript/lib/typingSafeList.json', types map path /home/ap/.emacs.d/.cache/lsp/npm/typescript/lib/node_modules/typescript/lib/typesMap.json
[12:32:45.125] Processing cache location '/home/ap/.cache/typescript/4.6'
[12:32:45.125] Trying to find '/home/ap/.cache/typescript/4.6/package.json'...
[12:32:45.283] Loaded content of '/home/ap/.cache/typescript/4.6/package.json': {"private":true,"dependencies":{"types-registry":"^0.1.586"}}
[12:32:45.284] Loaded content of '/home/ap/.cache/typescript/4.6/package-lock.json'
[12:32:45.285] Finished processing cache location '/home/ap/.cache/typescript/4.6'
[12:32:45.286] Process id: 22417
[12:32:45.287] NPM location: /usr/bin/npm (explicit '--npmLocation' not  provided)
[12:32:45.287] validateDefaultNpmLocation: false
[12:32:45.288] Npm config file: /home/ap/.cache/typescript/4.6/package.json
[12:32:45.289] Updating types-registry npm package...
[12:32:45.290] Exec: /usr/bin/npm install --ignore-scripts types-registry@latest
[12:32:50.663]     Succeeded. stdout:
    
    up to date, audited 2 packages in 5s

found 0 vulnerabilities

[12:32:50.666] Updated types-registry npm package
[12:33:27.852] Got install request {"projectName":"/dev/null/inferredProject1*","fileNames":["/home/ap/.emacs.d/.cache/lsp/npm/typescript/lib/node_modules/typescript/lib/lib.es5.d.ts","/home/ap/.emacs.d/.cache/lsp/npm/typescript/lib/node_modules/typescript/lib/lib.es2015.d.ts","/home/ap/.emacs.d/.cache/lsp/npm/typescript/lib/node_modules/typescript/lib/lib.es2016.d.ts","/home/ap/.emacs.d/.cache/lsp/npm/typescript/lib/node_modules/typescript/lib/lib.dom.d.ts","/home/ap/.emacs.d/.cache/lsp/npm/typescript/lib/node_modules/typescript/lib/lib.dom.iterable.d.ts","/home/ap/.emacs.d/.cache/lsp/npm/typescript/lib/node_modules/typescript/lib/lib.webworker.importscripts.d.ts","/home/ap/.emacs.d/.cache/lsp/npm/typescript/lib/node_modules/typescript/lib/lib.scripthost.d.ts","/home/ap/.emacs.d/.cache/lsp/npm/typescript/lib/node_modules/typescript/lib/lib.es2015.core.d.ts","/home/ap/.emacs.d/.cache/lsp/npm/typescript/lib/node_modules/typescript/lib/lib.es2015.collection.d.ts","/home/ap/.emacs.d/.cache/lsp/npm/typescript/lib/node_modules/typescript/lib/lib.es2015.generator.d.ts","/home/ap/.emacs.d/.cache/lsp/npm/typescript/lib/node_modules/typescript/lib/lib.es2015.iterable.d.ts","/home/ap/.emacs.d/.cache/lsp/npm/typescript/lib/node_modules/typescript/lib/lib.es2015.promise.d.ts","/home/ap/.emacs.d/.cache/lsp/npm/typescript/lib/node_modules/typescript/lib/lib.es2015.proxy.d.ts","/home/ap/.emacs.d/.cache/lsp/npm/typescript/lib/node_modules/typescript/lib/lib.es2015.reflect.d.ts","/home/ap/.emacs.d/.cache/lsp/npm/typescript/lib/node_modules/typescript/lib/lib.es2015.symbol.d.ts","/home/ap/.emacs.d/.cache/lsp/npm/typescript/lib/node_modules/typescript/lib/lib.es2015.symbol.wellknown.d.ts","/home/ap/.emacs.d/.cache/lsp/npm/typescript/lib/node_modules/typescript/lib/lib.es2016.array.include.d.ts","/home/ap/.emacs.d/.cache/lsp/npm/typescript/lib/node_modules/typescript/lib/lib.es2016.full.d.ts","/home/ap/ARYAN/WEB/my-app/src/App.js"],"compilerOptions":{"module":1,"target":3,"jsx":1,"allowJs":true,"allowSyntheticDefaultImports":true,"allowNonTsExtensions":true,"noEmitForJsFiles":true,"maxNodeModuleJsDepth":2},"typeAcquisition":{"enable":true,"include":[],"exclude":[]},"unresolvedImports":[],"projectRootPath":"/home/ap/ARYAN/WEB/my-app/src","kind":"discover"}
[12:33:27.953] Loaded safelist from types map file '/home/ap/.emacs.d/.cache/lsp/npm/typescript/lib/node_modules/typescript/lib/typesMap.json'
[12:33:27.956] Explicitly included types: []
[12:33:27.961] Inferred typings from unresolved imports: []
[12:33:27.962] Result: {"cachedTypingPaths":[],"newTypingNames":[],"filesToWatch":["/home/ap/ARYAN/WEB/my-app/src/bower_components","/home/ap/ARYAN/WEB/my-app/src/node_modules"]}
[12:33:27.963] Finished typings discovery: {"cachedTypingPaths":[],"newTypingNames":[],"filesToWatch":["/home/ap/ARYAN/WEB/my-app/src/bower_components","/home/ap/ARYAN/WEB/my-app/src/node_modules"]}
[12:33:27.965] DirectoryWatcher:: Added:: WatchInfo: /home/ap/ARYAN/WEB/my-app/src/bower_components
[12:33:27.967] DirectoryWatcher:: Added:: WatchInfo: /home/ap/ARYAN/WEB/my-app/src/bower_components 1 undefined Project: /dev/null/inferredProject1* watcher already invoked: false
[12:33:27.973] Elapsed:: 5.735996998846531ms DirectoryWatcher:: Added:: WatchInfo: /home/ap/ARYAN/WEB/my-app/src/bower_components 1 undefined Project: /dev/null/inferredProject1* watcher already invoked: false
[12:33:27.973] DirectoryWatcher:: Added:: WatchInfo: /home/ap/ARYAN/WEB/my-app/src/node_modules
[12:33:27.974] DirectoryWatcher:: Added:: WatchInfo: /home/ap/ARYAN/WEB/my-app/src/node_modules 1 undefined Project: /dev/null/inferredProject1* watcher already invoked: false
[12:33:27.974] Elapsed:: 0.3971069995313883ms DirectoryWatcher:: Added:: WatchInfo: /home/ap/ARYAN/WEB/my-app/src/node_modules 1 undefined Project: /dev/null/inferredProject1* watcher already invoked: false
[12:33:27.975] Sending response:
    {"projectName":"/dev/null/inferredProject1*","typeAcquisition":{"enable":true,"include":[],"exclude":[]},"compilerOptions":{"module":1,"target":3,"jsx":1,"allowJs":true,"allowSyntheticDefaultImports":true,"allowNonTsExtensions":true,"noEmitForJsFiles":true,"maxNodeModuleJsDepth":2},"typings":[],"unresolvedImports":[],"kind":"action::set"}
[12:33:27.976] Response has been sent.
[12:33:27.976] No new typings were requested as a result of typings discovery
