[08:10:45.334] Global cache location '/home/ap/.cache/typescript/4.6', safe file path '/home/ap/.emacs.d/.cache/lsp/npm/typescript/lib/node_modules/typescript/lib/typingSafeList.json', types map path /home/ap/.emacs.d/.cache/lsp/npm/typescript/lib/node_modules/typescript/lib/typesMap.json
[08:10:45.337] Processing cache location '/home/ap/.cache/typescript/4.6'
[08:10:45.338] Trying to find '/home/ap/.cache/typescript/4.6/package.json'...
[08:10:45.340] Loaded content of '/home/ap/.cache/typescript/4.6/package.json': {"private":true,"dependencies":{"types-registry":"^0.1.587"}}
[08:10:45.340] Loaded content of '/home/ap/.cache/typescript/4.6/package-lock.json'
[08:10:45.346] Finished processing cache location '/home/ap/.cache/typescript/4.6'
[08:10:45.347] Process id: 20890
[08:10:45.347] NPM location: /usr/bin/npm (explicit '--npmLocation' not  provided)
[08:10:45.348] validateDefaultNpmLocation: false
[08:10:45.349] Npm config file: /home/ap/.cache/typescript/4.6/package.json
[08:10:45.350] Updating types-registry npm package...
[08:10:45.350] Exec: /usr/bin/npm install --ignore-scripts types-registry@latest
[08:10:48.173]     Succeeded. stdout:
    
    up to date, audited 2 packages in 2s

found 0 vulnerabilities

[08:10:48.174] Updated types-registry npm package
[08:10:58.462] Got install request {"projectName":"/dev/null/inferredProject1*","fileNames":["/home/ap/.emacs.d/.cache/lsp/npm/typescript/lib/node_modules/typescript/lib/lib.es5.d.ts","/home/ap/.emacs.d/.cache/lsp/npm/typescript/lib/node_modules/typescript/lib/lib.es2015.d.ts","/home/ap/.emacs.d/.cache/lsp/npm/typescript/lib/node_modules/typescript/lib/lib.es2016.d.ts","/home/ap/.emacs.d/.cache/lsp/npm/typescript/lib/node_modules/typescript/lib/lib.dom.d.ts","/home/ap/.emacs.d/.cache/lsp/npm/typescript/lib/node_modules/typescript/lib/lib.dom.iterable.d.ts","/home/ap/.emacs.d/.cache/lsp/npm/typescript/lib/node_modules/typescript/lib/lib.webworker.importscripts.d.ts","/home/ap/.emacs.d/.cache/lsp/npm/typescript/lib/node_modules/typescript/lib/lib.scripthost.d.ts","/home/ap/.emacs.d/.cache/lsp/npm/typescript/lib/node_modules/typescript/lib/lib.es2015.core.d.ts","/home/ap/.emacs.d/.cache/lsp/npm/typescript/lib/node_modules/typescript/lib/lib.es2015.collection.d.ts","/home/ap/.emacs.d/.cache/lsp/npm/typescript/lib/node_modules/typescript/lib/lib.es2015.generator.d.ts","/home/ap/.emacs.d/.cache/lsp/npm/typescript/lib/node_modules/typescript/lib/lib.es2015.iterable.d.ts","/home/ap/.emacs.d/.cache/lsp/npm/typescript/lib/node_modules/typescript/lib/lib.es2015.promise.d.ts","/home/ap/.emacs.d/.cache/lsp/npm/typescript/lib/node_modules/typescript/lib/lib.es2015.proxy.d.ts","/home/ap/.emacs.d/.cache/lsp/npm/typescript/lib/node_modules/typescript/lib/lib.es2015.reflect.d.ts","/home/ap/.emacs.d/.cache/lsp/npm/typescript/lib/node_modules/typescript/lib/lib.es2015.symbol.d.ts","/home/ap/.emacs.d/.cache/lsp/npm/typescript/lib/node_modules/typescript/lib/lib.es2015.symbol.wellknown.d.ts","/home/ap/.emacs.d/.cache/lsp/npm/typescript/lib/node_modules/typescript/lib/lib.es2016.array.include.d.ts","/home/ap/.emacs.d/.cache/lsp/npm/typescript/lib/node_modules/typescript/lib/lib.es2016.full.d.ts","/home/ap/ARYAN/WEB/my-app/src/App.js"],"compilerOptions":{"module":1,"target":3,"jsx":1,"allowJs":true,"allowSyntheticDefaultImports":true,"allowNonTsExtensions":true,"noEmitForJsFiles":true,"maxNodeModuleJsDepth":2},"typeAcquisition":{"enable":true,"include":[],"exclude":[]},"unresolvedImports":[],"projectRootPath":"/home/ap/ARYAN/WEB/my-app/src","kind":"discover"}
[08:10:58.575] Loaded safelist from types map file '/home/ap/.emacs.d/.cache/lsp/npm/typescript/lib/node_modules/typescript/lib/typesMap.json'
[08:10:58.579] Explicitly included types: []
[08:10:58.582] Inferred typings from unresolved imports: []
[08:10:58.582] Result: {"cachedTypingPaths":[],"newTypingNames":[],"filesToWatch":["/home/ap/ARYAN/WEB/my-app/src/bower_components","/home/ap/ARYAN/WEB/my-app/src/node_modules"]}
[08:10:58.582] Finished typings discovery: {"cachedTypingPaths":[],"newTypingNames":[],"filesToWatch":["/home/ap/ARYAN/WEB/my-app/src/bower_components","/home/ap/ARYAN/WEB/my-app/src/node_modules"]}
[08:10:58.583] DirectoryWatcher:: Added:: WatchInfo: /home/ap/ARYAN/WEB/my-app/src/bower_components
[08:10:58.585] DirectoryWatcher:: Added:: WatchInfo: /home/ap/ARYAN/WEB/my-app/src/bower_components 1 undefined Project: /dev/null/inferredProject1* watcher already invoked: false
[08:10:58.592] Elapsed:: 6.646608999930322ms DirectoryWatcher:: Added:: WatchInfo: /home/ap/ARYAN/WEB/my-app/src/bower_components 1 undefined Project: /dev/null/inferredProject1* watcher already invoked: false
[08:10:58.592] DirectoryWatcher:: Added:: WatchInfo: /home/ap/ARYAN/WEB/my-app/src/node_modules
[08:10:58.592] DirectoryWatcher:: Added:: WatchInfo: /home/ap/ARYAN/WEB/my-app/src/node_modules 1 undefined Project: /dev/null/inferredProject1* watcher already invoked: false
[08:10:58.593] Elapsed:: 0.4074530005455017ms DirectoryWatcher:: Added:: WatchInfo: /home/ap/ARYAN/WEB/my-app/src/node_modules 1 undefined Project: /dev/null/inferredProject1* watcher already invoked: false
[08:10:58.593] Sending response:
    {"projectName":"/dev/null/inferredProject1*","typeAcquisition":{"enable":true,"include":[],"exclude":[]},"compilerOptions":{"module":1,"target":3,"jsx":1,"allowJs":true,"allowSyntheticDefaultImports":true,"allowNonTsExtensions":true,"noEmitForJsFiles":true,"maxNodeModuleJsDepth":2},"typings":[],"unresolvedImports":[],"kind":"action::set"}
[08:10:58.594] Response has been sent.
[08:10:58.595] No new typings were requested as a result of typings discovery
