[18:15:05.544] Global cache location '/home/ap/.cache/typescript/4.6', safe file path '/home/ap/.emacs.d/.cache/lsp/npm/typescript/lib/node_modules/typescript/lib/typingSafeList.json', types map path /home/ap/.emacs.d/.cache/lsp/npm/typescript/lib/node_modules/typescript/lib/typesMap.json
[18:15:05.548] Processing cache location '/home/ap/.cache/typescript/4.6'
[18:15:05.549] Trying to find '/home/ap/.cache/typescript/4.6/package.json'...
[18:15:05.778] Loaded content of '/home/ap/.cache/typescript/4.6/package.json': {"private":true,"dependencies":{"types-registry":"^0.1.586"}}
[18:15:05.779] Loaded content of '/home/ap/.cache/typescript/4.6/package-lock.json'
[18:15:05.780] Finished processing cache location '/home/ap/.cache/typescript/4.6'
[18:15:05.783] Process id: 3366
[18:15:05.784] NPM location: /usr/bin/npm (explicit '--npmLocation' not  provided)
[18:15:05.784] validateDefaultNpmLocation: false
[18:15:05.786] Npm config file: /home/ap/.cache/typescript/4.6/package.json
[18:15:05.787] Updating types-registry npm package...
[18:15:05.787] Exec: /usr/bin/npm install --ignore-scripts types-registry@latest
[18:15:19.793]     Succeeded. stdout:
    
    up to date, audited 2 packages in 8s

found 0 vulnerabilities

[18:15:19.794] Updated types-registry npm package
[18:16:14.053] Got install request {"projectName":"/dev/null/inferredProject1*","fileNames":["/home/ap/.emacs.d/.cache/lsp/npm/typescript/lib/node_modules/typescript/lib/lib.es5.d.ts","/home/ap/.emacs.d/.cache/lsp/npm/typescript/lib/node_modules/typescript/lib/lib.es2015.d.ts","/home/ap/.emacs.d/.cache/lsp/npm/typescript/lib/node_modules/typescript/lib/lib.es2016.d.ts","/home/ap/.emacs.d/.cache/lsp/npm/typescript/lib/node_modules/typescript/lib/lib.dom.d.ts","/home/ap/.emacs.d/.cache/lsp/npm/typescript/lib/node_modules/typescript/lib/lib.dom.iterable.d.ts","/home/ap/.emacs.d/.cache/lsp/npm/typescript/lib/node_modules/typescript/lib/lib.webworker.importscripts.d.ts","/home/ap/.emacs.d/.cache/lsp/npm/typescript/lib/node_modules/typescript/lib/lib.scripthost.d.ts","/home/ap/.emacs.d/.cache/lsp/npm/typescript/lib/node_modules/typescript/lib/lib.es2015.core.d.ts","/home/ap/.emacs.d/.cache/lsp/npm/typescript/lib/node_modules/typescript/lib/lib.es2015.collection.d.ts","/home/ap/.emacs.d/.cache/lsp/npm/typescript/lib/node_modules/typescript/lib/lib.es2015.generator.d.ts","/home/ap/.emacs.d/.cache/lsp/npm/typescript/lib/node_modules/typescript/lib/lib.es2015.iterable.d.ts","/home/ap/.emacs.d/.cache/lsp/npm/typescript/lib/node_modules/typescript/lib/lib.es2015.promise.d.ts","/home/ap/.emacs.d/.cache/lsp/npm/typescript/lib/node_modules/typescript/lib/lib.es2015.proxy.d.ts","/home/ap/.emacs.d/.cache/lsp/npm/typescript/lib/node_modules/typescript/lib/lib.es2015.reflect.d.ts","/home/ap/.emacs.d/.cache/lsp/npm/typescript/lib/node_modules/typescript/lib/lib.es2015.symbol.d.ts","/home/ap/.emacs.d/.cache/lsp/npm/typescript/lib/node_modules/typescript/lib/lib.es2015.symbol.wellknown.d.ts","/home/ap/.emacs.d/.cache/lsp/npm/typescript/lib/node_modules/typescript/lib/lib.es2016.array.include.d.ts","/home/ap/.emacs.d/.cache/lsp/npm/typescript/lib/node_modules/typescript/lib/lib.es2016.full.d.ts","/home/ap/ARYAN/WEB/my-app/src/App.js"],"compilerOptions":{"module":1,"target":3,"jsx":1,"allowJs":true,"allowSyntheticDefaultImports":true,"allowNonTsExtensions":true,"noEmitForJsFiles":true,"maxNodeModuleJsDepth":2},"typeAcquisition":{"enable":true,"include":[],"exclude":[]},"unresolvedImports":[],"projectRootPath":"/home/ap/ARYAN/WEB/my-app/src","kind":"discover"}
[18:16:14.231] Loaded safelist from types map file '/home/ap/.emacs.d/.cache/lsp/npm/typescript/lib/node_modules/typescript/lib/typesMap.json'
[18:16:14.235] Explicitly included types: []
[18:16:14.242] Inferred typings from unresolved imports: []
[18:16:14.243] Result: {"cachedTypingPaths":[],"newTypingNames":[],"filesToWatch":["/home/ap/ARYAN/WEB/my-app/src/bower_components","/home/ap/ARYAN/WEB/my-app/src/node_modules"]}
[18:16:14.243] Finished typings discovery: {"cachedTypingPaths":[],"newTypingNames":[],"filesToWatch":["/home/ap/ARYAN/WEB/my-app/src/bower_components","/home/ap/ARYAN/WEB/my-app/src/node_modules"]}
[18:16:14.247] DirectoryWatcher:: Added:: WatchInfo: /home/ap/ARYAN/WEB/my-app/src/bower_components
[18:16:14.250] DirectoryWatcher:: Added:: WatchInfo: /home/ap/ARYAN/WEB/my-app/src/bower_components 1 undefined Project: /dev/null/inferredProject1* watcher already invoked: false
[18:16:14.257] Elapsed:: 7.276025000028312ms DirectoryWatcher:: Added:: WatchInfo: /home/ap/ARYAN/WEB/my-app/src/bower_components 1 undefined Project: /dev/null/inferredProject1* watcher already invoked: false
[18:16:14.258] DirectoryWatcher:: Added:: WatchInfo: /home/ap/ARYAN/WEB/my-app/src/node_modules
[18:16:14.258] DirectoryWatcher:: Added:: WatchInfo: /home/ap/ARYAN/WEB/my-app/src/node_modules 1 undefined Project: /dev/null/inferredProject1* watcher already invoked: false
[18:16:14.259] Elapsed:: 0.7804370000958443ms DirectoryWatcher:: Added:: WatchInfo: /home/ap/ARYAN/WEB/my-app/src/node_modules 1 undefined Project: /dev/null/inferredProject1* watcher already invoked: false
[18:16:14.260] Sending response:
    {"projectName":"/dev/null/inferredProject1*","typeAcquisition":{"enable":true,"include":[],"exclude":[]},"compilerOptions":{"module":1,"target":3,"jsx":1,"allowJs":true,"allowSyntheticDefaultImports":true,"allowNonTsExtensions":true,"noEmitForJsFiles":true,"maxNodeModuleJsDepth":2},"typings":[],"unresolvedImports":[],"kind":"action::set"}
[18:16:14.262] Response has been sent.
[18:16:14.262] No new typings were requested as a result of typings discovery
