[09:28:30.081] Global cache location '/home/ap/.cache/typescript/4.6', safe file path '/home/ap/.emacs.d/.cache/lsp/npm/typescript/lib/node_modules/typescript/lib/typingSafeList.json', types map path /home/ap/.emacs.d/.cache/lsp/npm/typescript/lib/node_modules/typescript/lib/typesMap.json
[09:28:30.084] Processing cache location '/home/ap/.cache/typescript/4.6'
[09:28:30.085] Trying to find '/home/ap/.cache/typescript/4.6/package.json'...
[09:28:30.092] Loaded content of '/home/ap/.cache/typescript/4.6/package.json': {"private":true,"dependencies":{"types-registry":"^0.1.587"}}
[09:28:30.093] Loaded content of '/home/ap/.cache/typescript/4.6/package-lock.json'
[09:28:30.093] Finished processing cache location '/home/ap/.cache/typescript/4.6'
[09:28:30.094] Process id: 7257
[09:28:30.094] NPM location: /usr/bin/npm (explicit '--npmLocation' not  provided)
[09:28:30.094] validateDefaultNpmLocation: false
[09:28:30.095] Npm config file: /home/ap/.cache/typescript/4.6/package.json
[09:28:30.096] Updating types-registry npm package...
[09:28:30.097] Exec: /usr/bin/npm install --ignore-scripts types-registry@latest
[09:28:32.373]     Succeeded. stdout:
    
    up to date, audited 2 packages in 2s

found 0 vulnerabilities

[09:28:32.374] Updated types-registry npm package
[09:28:43.966] Got install request {"projectName":"/dev/null/inferredProject1*","fileNames":["/home/ap/.emacs.d/.cache/lsp/npm/typescript/lib/node_modules/typescript/lib/lib.es5.d.ts","/home/ap/.emacs.d/.cache/lsp/npm/typescript/lib/node_modules/typescript/lib/lib.es2015.d.ts","/home/ap/.emacs.d/.cache/lsp/npm/typescript/lib/node_modules/typescript/lib/lib.es2016.d.ts","/home/ap/.emacs.d/.cache/lsp/npm/typescript/lib/node_modules/typescript/lib/lib.dom.d.ts","/home/ap/.emacs.d/.cache/lsp/npm/typescript/lib/node_modules/typescript/lib/lib.dom.iterable.d.ts","/home/ap/.emacs.d/.cache/lsp/npm/typescript/lib/node_modules/typescript/lib/lib.webworker.importscripts.d.ts","/home/ap/.emacs.d/.cache/lsp/npm/typescript/lib/node_modules/typescript/lib/lib.scripthost.d.ts","/home/ap/.emacs.d/.cache/lsp/npm/typescript/lib/node_modules/typescript/lib/lib.es2015.core.d.ts","/home/ap/.emacs.d/.cache/lsp/npm/typescript/lib/node_modules/typescript/lib/lib.es2015.collection.d.ts","/home/ap/.emacs.d/.cache/lsp/npm/typescript/lib/node_modules/typescript/lib/lib.es2015.generator.d.ts","/home/ap/.emacs.d/.cache/lsp/npm/typescript/lib/node_modules/typescript/lib/lib.es2015.iterable.d.ts","/home/ap/.emacs.d/.cache/lsp/npm/typescript/lib/node_modules/typescript/lib/lib.es2015.promise.d.ts","/home/ap/.emacs.d/.cache/lsp/npm/typescript/lib/node_modules/typescript/lib/lib.es2015.proxy.d.ts","/home/ap/.emacs.d/.cache/lsp/npm/typescript/lib/node_modules/typescript/lib/lib.es2015.reflect.d.ts","/home/ap/.emacs.d/.cache/lsp/npm/typescript/lib/node_modules/typescript/lib/lib.es2015.symbol.d.ts","/home/ap/.emacs.d/.cache/lsp/npm/typescript/lib/node_modules/typescript/lib/lib.es2015.symbol.wellknown.d.ts","/home/ap/.emacs.d/.cache/lsp/npm/typescript/lib/node_modules/typescript/lib/lib.es2016.array.include.d.ts","/home/ap/.emacs.d/.cache/lsp/npm/typescript/lib/node_modules/typescript/lib/lib.es2016.full.d.ts","/home/ap/ARYAN/WEB/my-app/src/App.js"],"compilerOptions":{"module":1,"target":3,"jsx":1,"allowJs":true,"allowSyntheticDefaultImports":true,"allowNonTsExtensions":true,"noEmitForJsFiles":true,"maxNodeModuleJsDepth":2},"typeAcquisition":{"enable":true,"include":[],"exclude":[]},"unresolvedImports":[],"projectRootPath":"/home/ap/ARYAN/WEB/my-app/src","kind":"discover"}
[09:28:44.053] Loaded safelist from types map file '/home/ap/.emacs.d/.cache/lsp/npm/typescript/lib/node_modules/typescript/lib/typesMap.json'
[09:28:44.057] Explicitly included types: []
[09:28:44.060] Inferred typings from unresolved imports: []
[09:28:44.061] Result: {"cachedTypingPaths":[],"newTypingNames":[],"filesToWatch":["/home/ap/ARYAN/WEB/my-app/src/bower_components","/home/ap/ARYAN/WEB/my-app/src/node_modules"]}
[09:28:44.061] Finished typings discovery: {"cachedTypingPaths":[],"newTypingNames":[],"filesToWatch":["/home/ap/ARYAN/WEB/my-app/src/bower_components","/home/ap/ARYAN/WEB/my-app/src/node_modules"]}
[09:28:44.062] DirectoryWatcher:: Added:: WatchInfo: /home/ap/ARYAN/WEB/my-app/src/bower_components
[09:28:44.063] DirectoryWatcher:: Added:: WatchInfo: /home/ap/ARYAN/WEB/my-app/src/bower_components 1 undefined Project: /dev/null/inferredProject1* watcher already invoked: false
[09:28:44.070] Elapsed:: 5.910796000156552ms DirectoryWatcher:: Added:: WatchInfo: /home/ap/ARYAN/WEB/my-app/src/bower_components 1 undefined Project: /dev/null/inferredProject1* watcher already invoked: false
[09:28:44.070] DirectoryWatcher:: Added:: WatchInfo: /home/ap/ARYAN/WEB/my-app/src/node_modules
[09:28:44.070] DirectoryWatcher:: Added:: WatchInfo: /home/ap/ARYAN/WEB/my-app/src/node_modules 1 undefined Project: /dev/null/inferredProject1* watcher already invoked: false
[09:28:44.071] Elapsed:: 0.5042129997164011ms DirectoryWatcher:: Added:: WatchInfo: /home/ap/ARYAN/WEB/my-app/src/node_modules 1 undefined Project: /dev/null/inferredProject1* watcher already invoked: false
[09:28:44.072] Sending response:
    {"projectName":"/dev/null/inferredProject1*","typeAcquisition":{"enable":true,"include":[],"exclude":[]},"compilerOptions":{"module":1,"target":3,"jsx":1,"allowJs":true,"allowSyntheticDefaultImports":true,"allowNonTsExtensions":true,"noEmitForJsFiles":true,"maxNodeModuleJsDepth":2},"typings":[],"unresolvedImports":[],"kind":"action::set"}
[09:28:44.073] Response has been sent.
[09:28:44.074] No new typings were requested as a result of typings discovery
